# JRE version: Java(TM) SE Runtime Environment (8.0_121-b13) (build 1.8.0_121-b13)
# Java VM: Java HotSpot(TM) 64-Bit Server VM (25.121-b13 mixed mode bsd-amd64 compressed oops)
Heap:
 PSYoungGen      total 413696K, used 41518K [0x0000000795580000, 0x00000007b5b80000, 0x00000007c0000000)
  eden space 400384K, 8% used [0x0000000795580000,0x0000000797675b98,0x00000007adc80000)
  from space 13312K, 58% used [0x00000007adc80000,0x00000007ae415c78,0x00000007ae980000)
  to   space 12800K, 0% used [0x00000007b4f00000,0x00000007b4f00000,0x00000007b5b80000)
 ParOldGen       total 85504K, used 31790K [0x0000000740000000, 0x0000000745380000, 0x0000000795580000)
  object space 85504K, 37% used [0x0000000740000000,0x0000000741f0b880,0x0000000745380000)
 Metaspace       used 44340K, capacity 44966K, committed 45144K, reserved 1089536K
  class space    used 5503K, capacity 5674K, committed 5760K, reserved 1048576K
GC Heap History (10 events):
Event: 5.993 GC heap before
{Heap before GC invocations=11 (full 1):
 PSYoungGen      total 269824K, used 48813K [0x0000000795580000, 0x00000007a9900000, 0x00000007c0000000)
  eden space 261120K, 15% used [0x0000000795580000,0x0000000797cadee8,0x00000007a5480000)
  from space 8704K, 99% used [0x00000007a5480000,0x00000007a5cfd798,0x00000007a5d00000)
  to   space 11264K, 0% used [0x00000007a8e00000,0x00000007a8e00000,0x00000007a9900000)
 ParOldGen       total 55808K, used 12505K [0x0000000740000000, 0x0000000743680000, 0x0000000795580000)
  object space 55808K, 22% used [0x0000000740000000,0x0000000740c366f0,0x0000000743680000)
 Metaspace       used 34725K, capacity 35228K, committed 35416K, reserved 1081344K
  class space    used 4301K, capacity 4472K, committed 4480K, reserved 1048576K
Event: 6.005 GC heap after
Heap after GC invocations=11 (full 1):
 PSYoungGen      total 319488K, used 8620K [0x0000000795580000, 0x00000007ad280000, 0x00000007c0000000)
  eden space 308224K, 0% used [0x0000000795580000,0x0000000795580000,0x00000007a8280000)
  from space 11264K, 76% used [0x00000007a8e00000,0x00000007a966b3d8,0x00000007a9900000)
  to   space 11776K, 0% used [0x00000007a8280000,0x00000007a8280000,0x00000007a8e00000)
 ParOldGen       total 55808K, used 13799K [0x0000000740000000, 0x0000000743680000, 0x0000000795580000)
  object space 55808K, 24% used [0x0000000740000000,0x0000000740d79fa8,0x0000000743680000)
 Metaspace       used 34725K, capacity 35228K, committed 35416K, reserved 1081344K
  class space    used 4301K, capacity 4472K, committed 4480K, reserved 1048576K
}
Event: 6.005 GC heap before
{Heap before GC invocations=12 (full 2):
 PSYoungGen      total 319488K, used 8620K [0x0000000795580000, 0x00000007ad280000, 0x00000007c0000000)
  eden space 308224K, 0% used [0x0000000795580000,0x0000000795580000,0x00000007a8280000)
  from space 11264K, 76% used [0x00000007a8e00000,0x00000007a966b3d8,0x00000007a9900000)
  to   space 11776K, 0% used [0x00000007a8280000,0x00000007a8280000,0x00000007a8e00000)
 ParOldGen       total 55808K, used 13799K [0x0000000740000000, 0x0000000743680000, 0x0000000795580000)
  object space 55808K, 24% used [0x0000000740000000,0x0000000740d79fa8,0x0000000743680000)
 Metaspace       used 34725K, capacity 35228K, committed 35416K, reserved 1081344K
  class space    used 4301K, capacity 4472K, committed 4480K, reserved 1048576K
Event: 6.072 GC heap after
Heap after GC invocations=12 (full 2):
 PSYoungGen      total 319488K, used 0K [0x0000000795580000, 0x00000007ad280000, 0x00000007c0000000)
  eden space 308224K, 0% used [0x0000000795580000,0x0000000795580000,0x00000007a8280000)
  from space 11264K, 0% used [0x00000007a8e00000,0x00000007a8e00000,0x00000007a9900000)
  to   space 11776K, 0% used [0x00000007a8280000,0x00000007a8280000,0x00000007a8e00000)
 ParOldGen       total 85504K, used 17297K [0x0000000740000000, 0x0000000745380000, 0x0000000795580000)
  object space 85504K, 20% used [0x0000000740000000,0x00000007410e4488,0x0000000745380000)
 Metaspace       used 34725K, capacity 35228K, committed 35416K, reserved 1081344K
  class space    used 4301K, capacity 4472K, committed 4480K, reserved 1048576K
}
Event: 7.523 GC heap before
{Heap before GC invocations=13 (full 2):
 PSYoungGen      total 319488K, used 308224K [0x0000000795580000, 0x00000007ad280000, 0x00000007c0000000)
  eden space 308224K, 100% used [0x0000000795580000,0x00000007a8280000,0x00000007a8280000)
  from space 11264K, 0% used [0x00000007a8e00000,0x00000007a8e00000,0x00000007a9900000)
  to   space 11776K, 0% used [0x00000007a8280000,0x00000007a8280000,0x00000007a8e00000)
 ParOldGen       total 85504K, used 17297K [0x0000000740000000, 0x0000000745380000, 0x0000000795580000)
  object space 85504K, 20% used [0x0000000740000000,0x00000007410e4488,0x0000000745380000)
 Metaspace       used 39414K, capacity 39944K, committed 40152K, reserved 1085440K
  class space    used 4886K, capacity 5082K, committed 5120K, reserved 1048576K
Event: 7.537 GC heap after
Heap after GC invocations=13 (full 2):
 PSYoungGen      total 320000K, used 11766K [0x0000000795580000, 0x00000007af980000, 0x00000007c0000000)
  eden space 308224K, 0% used [0x0000000795580000,0x0000000795580000,0x00000007a8280000)
  from space 11776K, 99% used [0x00000007a8280000,0x00000007a8dfdaa8,0x00000007a8e00000)
  to   space 13824K, 0% used [0x00000007aec00000,0x00000007aec00000,0x00000007af980000)
 ParOldGen       total 85504K, used 18396K [0x0000000740000000, 0x0000000745380000, 0x0000000795580000)
  object space 85504K, 21% used [0x0000000740000000,0x00000007411f7058,0x0000000745380000)
 Metaspace       used 39414K, capacity 39944K, committed 40152K, reserved 1085440K
  class space    used 4886K, capacity 5082K, committed 5120K, reserved 1048576K
}
Event: 8.586 GC heap before
{Heap before GC invocations=14 (full 2):
 PSYoungGen      total 320000K, used 319990K [0x0000000795580000, 0x00000007af980000, 0x00000007c0000000)
  eden space 308224K, 100% used [0x0000000795580000,0x00000007a8280000,0x00000007a8280000)
  from space 11776K, 99% used [0x00000007a8280000,0x00000007a8dfdaa8,0x00000007a8e00000)
  to   space 13824K, 0% used [0x00000007aec00000,0x00000007aec00000,0x00000007af980000)
 ParOldGen       total 85504K, used 18396K [0x0000000740000000, 0x0000000745380000, 0x0000000795580000)
  object space 85504K, 21% used [0x0000000740000000,0x00000007411f7058,0x0000000745380000)
 Metaspace       used 41539K, capacity 42130K, committed 42200K, reserved 1085440K
  class space    used 5169K, capacity 5345K, committed 5376K, reserved 1048576K
Event: 8.603 GC heap after
Heap after GC invocations=14 (full 2):
 PSYoungGen      total 411136K, used 6653K [0x0000000795580000, 0x00000007af680000, 0x00000007c0000000)
  eden space 400384K, 0% used [0x0000000795580000,0x0000000795580000,0x00000007adc80000)
  from space 10752K, 61% used [0x00000007aec00000,0x00000007af27f708,0x00000007af680000)
  to   space 13312K, 0% used [0x00000007adc80000,0x00000007adc80000,0x00000007ae980000)
 ParOldGen       total 85504K, used 27494K [0x0000000740000000, 0x0000000745380000, 0x0000000795580000)
  object space 85504K, 32% used [0x0000000740000000,0x0000000741ad9850,0x0000000745380000)
 Metaspace       used 41539K, capacity 42130K, committed 42200K, reserved 1085440K
  class space    used 5169K, capacity 5345K, committed 5376K, reserved 1048576K
}
Event: 34.473 GC heap before
{Heap before GC invocations=15 (full 2):
 PSYoungGen      total 411136K, used 407037K [0x0000000795580000, 0x00000007af680000, 0x00000007c0000000)
  eden space 400384K, 100% used [0x0000000795580000,0x00000007adc80000,0x00000007adc80000)
  from space 10752K, 61% used [0x00000007aec00000,0x00000007af27f708,0x00000007af680000)
  to   space 13312K, 0% used [0x00000007adc80000,0x00000007adc80000,0x00000007ae980000)
 ParOldGen       total 85504K, used 27494K [0x0000000740000000, 0x0000000745380000, 0x0000000795580000)
  object space 85504K, 32% used [0x0000000740000000,0x0000000741ad9850,0x0000000745380000)
 Metaspace       used 44268K, capacity 44954K, committed 45144K, reserved 1089536K
  class space    used 5487K, capacity 5671K, committed 5760K, reserved 1048576K
Event: 34.531 GC heap after
Heap after GC invocations=15 (full 2):
 PSYoungGen      total 413696K, used 7767K [0x0000000795580000, 0x00000007b5b80000, 0x00000007c0000000)
  eden space 400384K, 0% used [0x0000000795580000,0x0000000795580000,0x00000007adc80000)
  from space 13312K, 58% used [0x00000007adc80000,0x00000007ae415c78,0x00000007ae980000)
  to   space 12800K, 0% used [0x00000007b4f00000,0x00000007b4f00000,0x00000007b5b80000)
 ParOldGen       total 85504K, used 31790K [0x0000000740000000, 0x0000000745380000, 0x0000000795580000)
  object space 85504K, 37% used [0x0000000740000000,0x0000000741f0b880,0x0000000745380000)
 Metaspace       used 44268K, capacity 44954K, committed 45144K, reserved 1089536K
  class space    used 5487K, capacity 5671K, committed 5760K, reserved 1048576K
}

